[2023-12-22 10:18:11,797: INFO: main: Welcome to our custom log]
[2023-12-22 19:17:44,233: INFO: common: yaml file: config\config.yaml loaded successfully]
[2023-12-22 19:17:44,247: INFO: common: yaml file: params.yaml loaded successfully]
[2023-12-22 19:24:40,519: INFO: common: yaml file: config\config.yaml loaded successfully]
[2023-12-22 19:24:40,523: INFO: common: yaml file: params.yaml loaded successfully]
[2023-12-22 19:24:43,231: INFO: common: yaml file: config\config.yaml loaded successfully]
[2023-12-22 19:24:43,238: INFO: common: yaml file: params.yaml loaded successfully]
[2023-12-22 19:26:22,000: INFO: common: yaml file: config\config.yaml loaded successfully]
[2023-12-22 19:26:22,006: INFO: common: yaml file: params.yaml loaded successfully]
[2023-12-22 19:26:25,422: INFO: common: yaml file: config\config.yaml loaded successfully]
[2023-12-22 19:26:25,422: INFO: common: yaml file: params.yaml loaded successfully]
[2023-12-22 19:27:06,348: INFO: common: yaml file: config\config.yaml loaded successfully]
[2023-12-22 19:27:06,368: INFO: common: yaml file: params.yaml loaded successfully]
[2023-12-22 19:27:06,376: INFO: common: created directory at: artifacts]
[2023-12-22 19:27:06,376: INFO: common: created directory at: artifacts/data_ingestion]
[2023-12-22 19:27:06,385: INFO: 986331348: Downloading data from https://drive.google.com/file/d/1LZ4NoTTnbehh8Oee9mAyRJKGufsaHi1C/view?usp=sharing into file artifacts/data_ingestion/data.zip]
[2023-12-22 19:27:20,227: INFO: 986331348: Downloaded data from https://drive.google.com/file/d/1LZ4NoTTnbehh8Oee9mAyRJKGufsaHi1C/view?usp=sharing into file artifacts/data_ingestion/data.zip]
[2023-12-22 21:23:37,099: INFO: main: >>>>>> stage Data Ingestion stage started <<<<<<]
[2023-12-22 21:23:37,115: INFO: common: yaml file: config\config.yaml loaded successfully]
[2023-12-22 21:23:37,116: INFO: common: yaml file: params.yaml loaded successfully]
[2023-12-22 21:23:37,116: INFO: common: created directory at: artifacts]
[2023-12-22 21:23:37,118: INFO: common: created directory at: artifacts/data_ingestion]
[2023-12-22 21:23:37,118: INFO: data_ingestion: Downloading data from https://drive.google.com/file/d/1LZ4NoTTnbehh8Oee9mAyRJKGufsaHi1C/view?usp=sharing into file artifacts/data_ingestion/data.zip]
[2023-12-22 21:23:47,933: INFO: data_ingestion: Downloaded data from https://drive.google.com/file/d/1LZ4NoTTnbehh8Oee9mAyRJKGufsaHi1C/view?usp=sharing into file artifacts/data_ingestion/data.zip]
[2023-12-22 21:23:48,614: INFO: main: >>>>>> stage Data Ingestion stage completed <<<<<<

x==========x]
[2023-12-23 09:41:01,967: INFO: common: yaml file: config\config.yaml loaded successfully]
[2023-12-23 09:41:01,975: INFO: common: yaml file: params.yaml loaded successfully]
[2023-12-23 09:41:01,980: INFO: common: created directory at: artifacts]
[2023-12-23 09:41:01,982: INFO: common: created directory at: artifacts/prepare_base_model]
[2023-12-23 09:41:17,883: WARNING: saving_utils: Compiled the loaded model, but the compiled metrics have yet to be built. `model.compile_metrics` will be empty until you train or evaluate the model.]
[2023-12-23 09:51:24,235: INFO: main: >>>>>> stage Data Ingestion stage started <<<<<<]
[2023-12-23 09:51:24,235: INFO: common: yaml file: config\config.yaml loaded successfully]
[2023-12-23 09:51:24,235: INFO: common: yaml file: params.yaml loaded successfully]
[2023-12-23 09:51:24,235: INFO: common: created directory at: artifacts]
[2023-12-23 09:51:24,241: INFO: common: created directory at: artifacts/data_ingestion]
[2023-12-23 09:51:24,241: INFO: data_ingestion: Downloading data from https://drive.google.com/file/d/1LZ4NoTTnbehh8Oee9mAyRJKGufsaHi1C/view?usp=sharing into file artifacts/data_ingestion/data.zip]
[2023-12-23 09:51:47,060: INFO: data_ingestion: Downloaded data from https://drive.google.com/file/d/1LZ4NoTTnbehh8Oee9mAyRJKGufsaHi1C/view?usp=sharing into file artifacts/data_ingestion/data.zip]
[2023-12-23 09:51:48,208: INFO: main: >>>>>> stage Data Ingestion stage completed <<<<<<

x==========x]
[2023-12-23 09:51:48,208: INFO: main: *******************]
[2023-12-23 09:51:48,208: INFO: main: >>>>>> stage Prepare base model started <<<<<<]
[2023-12-23 09:51:48,235: INFO: common: yaml file: config\config.yaml loaded successfully]
[2023-12-23 09:51:48,246: INFO: common: yaml file: params.yaml loaded successfully]
[2023-12-23 09:51:48,298: INFO: common: created directory at: artifacts]
[2023-12-23 09:51:48,303: INFO: common: created directory at: artifacts/prepare_base_model]
[2023-12-23 09:51:49,446: WARNING: saving_utils: Compiled the loaded model, but the compiled metrics have yet to be built. `model.compile_metrics` will be empty until you train or evaluate the model.]
[2023-12-23 09:51:49,904: INFO: main: >>>>>> stage Prepare base model completed <<<<<<

x==========x]
[2023-12-23 10:04:08,941: INFO: main: >>>>>> stage Data Ingestion stage started <<<<<<]
[2023-12-23 10:04:08,941: INFO: common: yaml file: config\config.yaml loaded successfully]
[2023-12-23 10:04:08,941: INFO: common: yaml file: params.yaml loaded successfully]
[2023-12-23 10:04:08,941: INFO: common: created directory at: artifacts]
[2023-12-23 10:04:08,941: INFO: common: created directory at: artifacts/data_ingestion]
[2023-12-23 10:04:08,941: INFO: data_ingestion: Downloading data from https://drive.google.com/file/d/1LZ4NoTTnbehh8Oee9mAyRJKGufsaHi1C/view?usp=sharing into file artifacts/data_ingestion/data.zip]
[2023-12-23 10:04:22,227: INFO: data_ingestion: Downloaded data from https://drive.google.com/file/d/1LZ4NoTTnbehh8Oee9mAyRJKGufsaHi1C/view?usp=sharing into file artifacts/data_ingestion/data.zip]
[2023-12-23 10:04:24,322: INFO: main: >>>>>> stage Data Ingestion stage completed <<<<<<

x==========x]
[2023-12-23 10:04:24,322: INFO: main: *******************]
[2023-12-23 10:04:24,322: INFO: main: >>>>>> stage Prepare base model started <<<<<<]
[2023-12-23 10:04:24,333: INFO: common: yaml file: config\config.yaml loaded successfully]
[2023-12-23 10:04:24,346: INFO: common: yaml file: params.yaml loaded successfully]
[2023-12-23 10:04:24,346: INFO: common: created directory at: artifacts]
[2023-12-23 10:04:24,346: INFO: common: created directory at: artifacts/prepare_base_model]
[2023-12-23 10:04:25,893: WARNING: saving_utils: Compiled the loaded model, but the compiled metrics have yet to be built. `model.compile_metrics` will be empty until you train or evaluate the model.]
[2023-12-23 10:04:26,190: INFO: main: >>>>>> stage Prepare base model completed <<<<<<

x==========x]
[2023-12-23 10:17:20,765: INFO: common: yaml file: config\config.yaml loaded successfully]
[2023-12-23 10:17:20,776: INFO: common: yaml file: params.yaml loaded successfully]
[2023-12-23 10:17:20,778: INFO: common: created directory at: artifacts]
[2023-12-23 10:17:20,786: INFO: common: created directory at: artifacts\training]
[2023-12-23 10:20:18,076: INFO: common: yaml file: config\config.yaml loaded successfully]
[2023-12-23 10:20:18,107: INFO: common: yaml file: params.yaml loaded successfully]
[2023-12-23 10:20:18,111: INFO: common: created directory at: artifacts]
[2023-12-23 10:20:18,111: INFO: common: created directory at: artifacts\training]
[2023-12-23 10:24:29,084: INFO: common: yaml file: config\config.yaml loaded successfully]
[2023-12-23 10:24:29,094: INFO: common: yaml file: params.yaml loaded successfully]
[2023-12-23 10:24:29,094: INFO: common: created directory at: artifacts]
[2023-12-23 10:24:29,094: INFO: common: created directory at: artifacts\training]
[2023-12-23 11:13:18,962: INFO: main: >>>>>> stage Data Ingestion stage started <<<<<<]
[2023-12-23 11:13:18,972: INFO: common: yaml file: config\config.yaml loaded successfully]
[2023-12-23 11:13:18,978: INFO: common: yaml file: params.yaml loaded successfully]
[2023-12-23 11:13:18,978: INFO: common: created directory at: artifacts]
[2023-12-23 11:13:18,978: INFO: common: created directory at: artifacts/data_ingestion]
[2023-12-23 11:13:18,978: INFO: data_ingestion: Downloading data from https://drive.google.com/file/d/1LZ4NoTTnbehh8Oee9mAyRJKGufsaHi1C/view?usp=sharing into file artifacts/data_ingestion/data.zip]
[2023-12-23 11:13:29,257: INFO: data_ingestion: Downloaded data from https://drive.google.com/file/d/1LZ4NoTTnbehh8Oee9mAyRJKGufsaHi1C/view?usp=sharing into file artifacts/data_ingestion/data.zip]
[2023-12-23 11:13:30,882: INFO: main: >>>>>> stage Data Ingestion stage completed <<<<<<

x==========x]
[2023-12-23 11:13:30,882: INFO: main: *******************]
[2023-12-23 11:13:30,882: INFO: main: >>>>>> stage Prepare base model started <<<<<<]
[2023-12-23 11:13:30,890: INFO: common: yaml file: config\config.yaml loaded successfully]
[2023-12-23 11:13:30,894: INFO: common: yaml file: params.yaml loaded successfully]
[2023-12-23 11:13:30,896: INFO: common: created directory at: artifacts]
[2023-12-23 11:13:30,897: INFO: common: created directory at: artifacts/prepare_base_model]
[2023-12-23 11:13:32,829: WARNING: saving_utils: Compiled the loaded model, but the compiled metrics have yet to be built. `model.compile_metrics` will be empty until you train or evaluate the model.]
[2023-12-23 11:13:33,241: INFO: main: >>>>>> stage Prepare base model completed <<<<<<

x==========x]
[2023-12-23 11:13:33,241: INFO: main: *******************]
[2023-12-23 11:13:33,241: INFO: main: >>>>>> stage Training started <<<<<<]
[2023-12-23 11:13:33,245: INFO: common: yaml file: config\config.yaml loaded successfully]
[2023-12-23 11:13:33,247: INFO: common: yaml file: params.yaml loaded successfully]
[2023-12-23 11:13:33,248: INFO: common: created directory at: artifacts]
[2023-12-23 11:13:33,248: INFO: common: created directory at: artifacts\training]
[2023-12-23 11:31:04,787: INFO: main: >>>>>> stage Training completed <<<<<<

x==========x]
[2023-12-25 17:45:19,356: INFO: common: yaml file: config\config.yaml loaded successfully]
[2023-12-25 17:45:19,366: INFO: common: yaml file: params.yaml loaded successfully]
[2023-12-25 17:45:19,369: INFO: common: created directory at: artifacts]
[2023-12-25 17:46:06,255: INFO: common: json file saved at: scores.json]
[2023-12-25 17:46:12,212: WARNING: save: Found untraced functions such as _jit_compiled_convolution_op, _jit_compiled_convolution_op, _jit_compiled_convolution_op, _jit_compiled_convolution_op, _jit_compiled_convolution_op while saving (showing 5 of 14). These functions will not be directly callable after loading.]
[2023-12-25 17:46:13,854: INFO: builder_impl: Assets written to: C:\Users\Anirudh\AppData\Local\Temp\tmp8ljlbl8s\model\data\model\assets]
[2023-12-25 17:52:49,375: INFO: common: yaml file: config\config.yaml loaded successfully]
[2023-12-25 17:52:49,390: INFO: common: yaml file: params.yaml loaded successfully]
[2023-12-25 17:52:49,390: INFO: common: created directory at: artifacts]
[2023-12-25 17:53:23,711: INFO: common: json file saved at: scores.json]
[2023-12-25 17:53:29,163: WARNING: save: Found untraced functions such as _jit_compiled_convolution_op, _jit_compiled_convolution_op, _jit_compiled_convolution_op, _jit_compiled_convolution_op, _jit_compiled_convolution_op while saving (showing 5 of 14). These functions will not be directly callable after loading.]
[2023-12-25 17:53:30,184: INFO: builder_impl: Assets written to: C:\Users\Anirudh\AppData\Local\Temp\tmpt9xp75ta\model\data\model\assets]
[2023-12-25 17:56:38,340: INFO: common: yaml file: config\config.yaml loaded successfully]
[2023-12-25 17:56:38,353: INFO: common: yaml file: params.yaml loaded successfully]
[2023-12-25 17:56:38,357: INFO: common: created directory at: artifacts]
[2023-12-25 17:57:12,112: INFO: common: json file saved at: scores.json]
[2023-12-25 17:57:17,580: WARNING: save: Found untraced functions such as _jit_compiled_convolution_op, _jit_compiled_convolution_op, _jit_compiled_convolution_op, _jit_compiled_convolution_op, _jit_compiled_convolution_op while saving (showing 5 of 14). These functions will not be directly callable after loading.]
[2023-12-25 17:57:19,440: INFO: builder_impl: Assets written to: C:\Users\Anirudh\AppData\Local\Temp\tmpa13omy6_\model\data\model\assets]
[2023-12-25 18:11:03,416: INFO: main: >>>>>> stage Data Ingestion stage started <<<<<<]
[2023-12-25 18:11:03,422: INFO: common: yaml file: config\config.yaml loaded successfully]
[2023-12-25 18:11:03,434: INFO: common: yaml file: params.yaml loaded successfully]
[2023-12-25 18:11:03,435: INFO: common: created directory at: artifacts]
[2023-12-25 18:11:03,435: INFO: common: created directory at: artifacts/data_ingestion]
[2023-12-25 18:11:03,435: INFO: data_ingestion: Downloading data from https://drive.google.com/file/d/1LZ4NoTTnbehh8Oee9mAyRJKGufsaHi1C/view?usp=sharing into file artifacts/data_ingestion/data.zip]
[2023-12-25 18:12:35,375: INFO: data_ingestion: Downloaded data from https://drive.google.com/file/d/1LZ4NoTTnbehh8Oee9mAyRJKGufsaHi1C/view?usp=sharing into file artifacts/data_ingestion/data.zip]
[2023-12-25 18:12:36,792: INFO: main: >>>>>> stage Data Ingestion stage completed <<<<<<

x==========x]
[2023-12-25 18:12:36,792: INFO: main: *******************]
[2023-12-25 18:12:36,792: INFO: main: >>>>>> stage Prepare base model started <<<<<<]
[2023-12-25 18:12:36,796: INFO: common: yaml file: config\config.yaml loaded successfully]
[2023-12-25 18:12:36,800: INFO: common: yaml file: params.yaml loaded successfully]
[2023-12-25 18:12:36,800: INFO: common: created directory at: artifacts]
[2023-12-25 18:12:36,801: INFO: common: created directory at: artifacts/prepare_base_model]
[2023-12-25 18:12:37,999: WARNING: saving_utils: Compiled the loaded model, but the compiled metrics have yet to be built. `model.compile_metrics` will be empty until you train or evaluate the model.]
[2023-12-25 18:12:38,418: INFO: main: >>>>>> stage Prepare base model completed <<<<<<

x==========x]
[2023-12-25 18:12:38,418: INFO: main: *******************]
[2023-12-25 18:12:38,418: INFO: main: >>>>>> stage Training started <<<<<<]
[2023-12-25 18:12:38,425: INFO: common: yaml file: config\config.yaml loaded successfully]
[2023-12-25 18:12:38,427: INFO: common: yaml file: params.yaml loaded successfully]
[2023-12-25 18:12:38,429: INFO: common: created directory at: artifacts]
[2023-12-25 18:12:38,431: INFO: common: created directory at: artifacts\training]
[2023-12-25 18:35:01,813: INFO: main: >>>>>> stage Training completed <<<<<<

x==========x]
[2023-12-25 18:35:01,818: INFO: main: *******************]
[2023-12-25 18:35:01,818: INFO: main: >>>>>> stage Evaluation stage started <<<<<<]
[2023-12-25 18:35:01,828: INFO: common: yaml file: config\config.yaml loaded successfully]
[2023-12-25 18:35:01,835: INFO: common: yaml file: params.yaml loaded successfully]
[2023-12-25 18:35:01,838: INFO: common: created directory at: artifacts]
[2023-12-25 18:35:01,838: ERROR: main: 'ConfigurationManager' object has no attribute 'get_evaluation_config']
Traceback (most recent call last):
  File "main.py", line 48, in <module>
    model_evalution.main()
  File "c:\users\anirudh\desktop\kidney disease\ml-project\src\cnnClassifier\pipeline\stage_04_model_evaluation.py", line 16, in main
    eval_config = config.get_evaluation_config()
AttributeError: 'ConfigurationManager' object has no attribute 'get_evaluation_config'
[2023-12-25 18:50:21,690: INFO: main: >>>>>> stage Data Ingestion stage started <<<<<<]
[2023-12-25 18:50:21,690: INFO: common: yaml file: config\config.yaml loaded successfully]
[2023-12-25 18:50:21,707: INFO: common: yaml file: params.yaml loaded successfully]
[2023-12-25 18:50:21,707: INFO: common: created directory at: artifacts]
[2023-12-25 18:50:21,707: INFO: common: created directory at: artifacts/data_ingestion]
[2023-12-25 18:50:21,707: INFO: data_ingestion: Downloading data from https://drive.google.com/file/d/1LZ4NoTTnbehh8Oee9mAyRJKGufsaHi1C/view?usp=sharing into file artifacts/data_ingestion/data.zip]
[2023-12-25 18:50:37,753: INFO: data_ingestion: Downloaded data from https://drive.google.com/file/d/1LZ4NoTTnbehh8Oee9mAyRJKGufsaHi1C/view?usp=sharing into file artifacts/data_ingestion/data.zip]
[2023-12-25 18:50:39,739: INFO: main: >>>>>> stage Data Ingestion stage completed <<<<<<

x==========x]
[2023-12-25 18:50:39,739: INFO: main: *******************]
[2023-12-25 18:50:39,739: INFO: main: >>>>>> stage Prepare base model started <<<<<<]
[2023-12-25 18:50:39,750: INFO: common: yaml file: config\config.yaml loaded successfully]
[2023-12-25 18:50:39,757: INFO: common: yaml file: params.yaml loaded successfully]
[2023-12-25 18:50:39,759: INFO: common: created directory at: artifacts]
[2023-12-25 18:50:39,759: INFO: common: created directory at: artifacts/prepare_base_model]
[2023-12-25 18:50:41,736: WARNING: saving_utils: Compiled the loaded model, but the compiled metrics have yet to be built. `model.compile_metrics` will be empty until you train or evaluate the model.]
[2023-12-25 18:50:42,378: INFO: main: >>>>>> stage Prepare base model completed <<<<<<

x==========x]
[2023-12-25 18:50:42,378: INFO: main: *******************]
[2023-12-25 18:50:42,379: INFO: main: >>>>>> stage Training started <<<<<<]
[2023-12-25 18:50:42,387: INFO: common: yaml file: config\config.yaml loaded successfully]
[2023-12-25 18:50:42,391: INFO: common: yaml file: params.yaml loaded successfully]
[2023-12-25 18:50:42,391: INFO: common: created directory at: artifacts]
[2023-12-25 18:50:42,391: INFO: common: created directory at: artifacts\training]
[2023-12-25 19:02:15,302: INFO: main: >>>>>> stage Training completed <<<<<<

x==========x]
[2023-12-25 19:02:15,306: INFO: main: *******************]
[2023-12-25 19:02:15,307: INFO: main: >>>>>> stage Evaluation stage started <<<<<<]
[2023-12-25 19:02:15,321: INFO: common: yaml file: config\config.yaml loaded successfully]
[2023-12-25 19:02:15,328: INFO: common: yaml file: params.yaml loaded successfully]
[2023-12-25 19:02:15,331: INFO: common: created directory at: artifacts]
[2023-12-25 19:02:43,223: INFO: common: json file saved at: scores.json]
[2023-12-25 19:02:43,227: INFO: common: json file saved at: scores.json]
[2023-12-25 19:02:43,227: INFO: main: >>>>>> stage Evaluation stage completed <<<<<<

x==========x]
[2023-12-25 19:23:35,420: INFO: main: >>>>>> stage Data Ingestion stage started <<<<<<]
[2023-12-25 19:23:35,423: INFO: common: yaml file: config\config.yaml loaded successfully]
[2023-12-25 19:23:35,433: INFO: common: yaml file: params.yaml loaded successfully]
[2023-12-25 19:23:35,433: INFO: common: created directory at: artifacts]
[2023-12-25 19:23:35,437: INFO: common: created directory at: artifacts/data_ingestion]
[2023-12-25 19:23:35,437: INFO: data_ingestion: Downloading data from https://drive.google.com/file/d/1LZ4NoTTnbehh8Oee9mAyRJKGufsaHi1C/view?usp=sharing into file artifacts/data_ingestion/data.zip]
[2023-12-25 19:23:51,013: INFO: data_ingestion: Downloaded data from https://drive.google.com/file/d/1LZ4NoTTnbehh8Oee9mAyRJKGufsaHi1C/view?usp=sharing into file artifacts/data_ingestion/data.zip]
[2023-12-25 19:23:52,334: INFO: main: >>>>>> stage Data Ingestion stage completed <<<<<<

x==========x]
[2023-12-25 19:23:52,334: INFO: main: *******************]
[2023-12-25 19:23:52,334: INFO: main: >>>>>> stage Prepare base model started <<<<<<]
[2023-12-25 19:23:52,340: INFO: common: yaml file: config\config.yaml loaded successfully]
[2023-12-25 19:23:52,343: INFO: common: yaml file: params.yaml loaded successfully]
[2023-12-25 19:23:52,344: INFO: common: created directory at: artifacts]
[2023-12-25 19:23:52,344: INFO: common: created directory at: artifacts/prepare_base_model]
[2023-12-25 19:23:54,076: WARNING: saving_utils: Compiled the loaded model, but the compiled metrics have yet to be built. `model.compile_metrics` will be empty until you train or evaluate the model.]
[2023-12-25 19:23:54,591: INFO: main: >>>>>> stage Prepare base model completed <<<<<<

x==========x]
[2023-12-25 19:23:54,592: INFO: main: *******************]
[2023-12-25 19:23:54,592: INFO: main: >>>>>> stage Training started <<<<<<]
[2023-12-25 19:23:54,596: INFO: common: yaml file: config\config.yaml loaded successfully]
[2023-12-25 19:23:54,602: INFO: common: yaml file: params.yaml loaded successfully]
[2023-12-25 19:23:54,603: INFO: common: created directory at: artifacts]
[2023-12-25 19:23:54,603: INFO: common: created directory at: artifacts\training]
[2023-12-25 19:34:28,446: INFO: main: >>>>>> stage Training completed <<<<<<

x==========x]
[2023-12-25 19:34:28,446: INFO: main: *******************]
[2023-12-25 19:34:28,446: INFO: main: >>>>>> stage Evaluation stage started <<<<<<]
[2023-12-25 19:34:28,479: INFO: common: yaml file: config\config.yaml loaded successfully]
[2023-12-25 19:34:28,490: INFO: common: yaml file: params.yaml loaded successfully]
[2023-12-25 19:34:28,494: INFO: common: created directory at: artifacts]
[2023-12-25 19:35:11,002: INFO: common: json file saved at: scores.json]
[2023-12-25 19:35:11,003: INFO: common: json file saved at: scores.json]
[2023-12-25 19:35:11,003: INFO: main: >>>>>> stage Evaluation stage completed <<<<<<

x==========x]
[2023-12-25 19:42:19,447: INFO: main: >>>>>> stage Data Ingestion stage started <<<<<<]
[2023-12-25 19:42:19,450: INFO: common: yaml file: config\config.yaml loaded successfully]
[2023-12-25 19:42:19,456: INFO: common: yaml file: params.yaml loaded successfully]
[2023-12-25 19:42:19,458: INFO: common: created directory at: artifacts]
[2023-12-25 19:42:19,459: INFO: common: created directory at: artifacts/data_ingestion]
[2023-12-25 19:42:19,459: INFO: data_ingestion: Downloading data from https://drive.google.com/file/d/1LZ4NoTTnbehh8Oee9mAyRJKGufsaHi1C/view?usp=sharing into file artifacts/data_ingestion/data.zip]
[2023-12-25 19:43:57,034: INFO: data_ingestion: Downloaded data from https://drive.google.com/file/d/1LZ4NoTTnbehh8Oee9mAyRJKGufsaHi1C/view?usp=sharing into file artifacts/data_ingestion/data.zip]
[2023-12-25 19:43:58,013: INFO: main: >>>>>> stage Data Ingestion stage completed <<<<<<

x==========x]
[2023-12-25 19:43:58,013: INFO: main: *******************]
[2023-12-25 19:43:58,013: INFO: main: >>>>>> stage Prepare base model started <<<<<<]
[2023-12-25 19:43:58,019: INFO: common: yaml file: config\config.yaml loaded successfully]
[2023-12-25 19:43:58,022: INFO: common: yaml file: params.yaml loaded successfully]
[2023-12-25 19:43:58,022: INFO: common: created directory at: artifacts]
[2023-12-25 19:43:58,022: INFO: common: created directory at: artifacts/prepare_base_model]
[2023-12-25 19:43:59,148: WARNING: saving_utils: Compiled the loaded model, but the compiled metrics have yet to be built. `model.compile_metrics` will be empty until you train or evaluate the model.]
[2023-12-25 19:43:59,452: INFO: main: >>>>>> stage Prepare base model completed <<<<<<

x==========x]
[2023-12-25 19:43:59,452: INFO: main: *******************]
[2023-12-25 19:43:59,452: INFO: main: >>>>>> stage Training started <<<<<<]
[2023-12-25 19:43:59,452: INFO: common: yaml file: config\config.yaml loaded successfully]
[2023-12-25 19:43:59,452: INFO: common: yaml file: params.yaml loaded successfully]
[2023-12-25 19:43:59,452: INFO: common: created directory at: artifacts]
[2023-12-25 19:43:59,452: INFO: common: created directory at: artifacts\training]
[2023-12-25 19:45:48,826: INFO: main: >>>>>> stage Training completed <<<<<<

x==========x]
[2023-12-25 19:45:48,827: INFO: main: *******************]
[2023-12-25 19:45:48,827: INFO: main: >>>>>> stage Evaluation stage started <<<<<<]
[2023-12-25 19:45:48,829: INFO: common: yaml file: config\config.yaml loaded successfully]
[2023-12-25 19:45:48,838: INFO: common: yaml file: params.yaml loaded successfully]
[2023-12-25 19:45:48,842: INFO: common: created directory at: artifacts]
[2023-12-25 19:46:21,223: INFO: common: json file saved at: scores.json]
[2023-12-25 19:46:21,224: INFO: common: json file saved at: scores.json]
[2023-12-25 19:46:24,626: WARNING: save: Found untraced functions such as _jit_compiled_convolution_op, _jit_compiled_convolution_op, _jit_compiled_convolution_op, _jit_compiled_convolution_op, _jit_compiled_convolution_op while saving (showing 5 of 14). These functions will not be directly callable after loading.]
[2023-12-25 19:46:26,380: INFO: builder_impl: Assets written to: C:\Users\Anirudh\AppData\Local\Temp\tmpf9sqnu_f\model\data\model\assets]
[2023-12-25 19:46:37,785: INFO: dir_util: creating C:\Users\Anirudh\Desktop\kidney disease\ML-project\mlruns\0\5b378d702752449dba9b6a9409cd7924\artifacts\model\data]
[2023-12-25 19:46:37,788: INFO: dir_util: creating C:\Users\Anirudh\Desktop\kidney disease\ML-project\mlruns\0\5b378d702752449dba9b6a9409cd7924\artifacts\model\data\model]
[2023-12-25 19:46:37,789: INFO: dir_util: creating C:\Users\Anirudh\Desktop\kidney disease\ML-project\mlruns\0\5b378d702752449dba9b6a9409cd7924\artifacts\model\data\model\assets]
[2023-12-25 19:46:37,791: INFO: dir_util: creating C:\Users\Anirudh\Desktop\kidney disease\ML-project\mlruns\0\5b378d702752449dba9b6a9409cd7924\artifacts\model\data\model\variables]
[2023-12-25 19:46:37,943: INFO: main: >>>>>> stage Evaluation stage completed <<<<<<

x==========x]
[2023-12-25 20:28:18,014: INFO: main: >>>>>> stage Data Ingestion stage started <<<<<<]
[2023-12-25 20:28:18,019: INFO: common: yaml file: config\config.yaml loaded successfully]
[2023-12-25 20:28:18,024: INFO: common: yaml file: params.yaml loaded successfully]
[2023-12-25 20:28:18,026: INFO: common: created directory at: artifacts]
[2023-12-25 20:28:18,027: INFO: common: created directory at: artifacts/data_ingestion]
[2023-12-25 20:28:18,027: INFO: data_ingestion: Downloading data from https://drive.google.com/file/d/1LZ4NoTTnbehh8Oee9mAyRJKGufsaHi1C/view?usp=sharing into file artifacts/data_ingestion/data.zip]
[2023-12-25 20:28:55,962: INFO: data_ingestion: Downloaded data from https://drive.google.com/file/d/1LZ4NoTTnbehh8Oee9mAyRJKGufsaHi1C/view?usp=sharing into file artifacts/data_ingestion/data.zip]
[2023-12-25 20:28:57,543: INFO: main: >>>>>> stage Data Ingestion stage completed <<<<<<

x==========x]
[2023-12-25 20:28:57,543: INFO: main: *******************]
[2023-12-25 20:28:57,544: INFO: main: >>>>>> stage Prepare base model started <<<<<<]
[2023-12-25 20:28:57,548: INFO: common: yaml file: config\config.yaml loaded successfully]
[2023-12-25 20:28:57,551: INFO: common: yaml file: params.yaml loaded successfully]
[2023-12-25 20:28:57,551: INFO: common: created directory at: artifacts]
[2023-12-25 20:28:57,551: INFO: common: created directory at: artifacts/prepare_base_model]
[2023-12-25 20:28:58,943: WARNING: saving_utils: Compiled the loaded model, but the compiled metrics have yet to be built. `model.compile_metrics` will be empty until you train or evaluate the model.]
[2023-12-25 20:28:59,299: INFO: main: >>>>>> stage Prepare base model completed <<<<<<

x==========x]
[2023-12-25 20:28:59,299: INFO: main: *******************]
[2023-12-25 20:28:59,299: INFO: main: >>>>>> stage Training started <<<<<<]
[2023-12-25 20:28:59,304: INFO: common: yaml file: config\config.yaml loaded successfully]
[2023-12-25 20:28:59,306: INFO: common: yaml file: params.yaml loaded successfully]
[2023-12-25 20:28:59,307: INFO: common: created directory at: artifacts]
[2023-12-25 20:28:59,308: INFO: common: created directory at: artifacts\training]
[2023-12-25 20:31:21,025: INFO: main: >>>>>> stage Training completed <<<<<<

x==========x]
[2023-12-25 20:31:21,026: INFO: main: *******************]
[2023-12-25 20:31:21,026: INFO: main: >>>>>> stage Evaluation stage started <<<<<<]
[2023-12-25 20:31:21,035: INFO: common: yaml file: config\config.yaml loaded successfully]
[2023-12-25 20:31:21,043: INFO: common: yaml file: params.yaml loaded successfully]
[2023-12-25 20:31:21,045: INFO: common: created directory at: artifacts]
[2023-12-25 20:32:02,461: INFO: common: json file saved at: scores.json]
[2023-12-25 20:32:02,462: INFO: common: json file saved at: scores.json]
[2023-12-25 20:32:02,462: INFO: main: >>>>>> stage Evaluation stage completed <<<<<<

x==========x]
[2023-12-25 20:33:00,081: INFO: main: >>>>>> stage Data Ingestion stage started <<<<<<]
[2023-12-25 20:33:00,086: INFO: common: yaml file: config\config.yaml loaded successfully]
[2023-12-25 20:33:00,089: INFO: common: yaml file: params.yaml loaded successfully]
[2023-12-25 20:33:00,090: INFO: common: created directory at: artifacts]
[2023-12-25 20:33:00,092: INFO: common: created directory at: artifacts/data_ingestion]
[2023-12-25 20:33:00,093: INFO: data_ingestion: Downloading data from https://drive.google.com/file/d/1LZ4NoTTnbehh8Oee9mAyRJKGufsaHi1C/view?usp=sharing into file artifacts/data_ingestion/data.zip]
[2023-12-25 20:34:46,439: INFO: data_ingestion: Downloaded data from https://drive.google.com/file/d/1LZ4NoTTnbehh8Oee9mAyRJKGufsaHi1C/view?usp=sharing into file artifacts/data_ingestion/data.zip]
[2023-12-25 20:34:48,078: INFO: main: >>>>>> stage Data Ingestion stage completed <<<<<<

x==========x]
[2023-12-25 20:34:48,078: INFO: main: *******************]
[2023-12-25 20:34:48,078: INFO: main: >>>>>> stage Prepare base model started <<<<<<]
[2023-12-25 20:34:48,083: INFO: common: yaml file: config\config.yaml loaded successfully]
[2023-12-25 20:34:48,086: INFO: common: yaml file: params.yaml loaded successfully]
[2023-12-25 20:34:48,087: INFO: common: created directory at: artifacts]
[2023-12-25 20:34:48,087: INFO: common: created directory at: artifacts/prepare_base_model]
[2023-12-25 20:34:50,065: WARNING: saving_utils: Compiled the loaded model, but the compiled metrics have yet to be built. `model.compile_metrics` will be empty until you train or evaluate the model.]
[2023-12-25 20:34:50,387: INFO: main: >>>>>> stage Prepare base model completed <<<<<<

x==========x]
[2023-12-25 20:34:50,387: INFO: main: *******************]
[2023-12-25 20:34:50,387: INFO: main: >>>>>> stage Training started <<<<<<]
[2023-12-25 20:34:50,393: INFO: common: yaml file: config\config.yaml loaded successfully]
[2023-12-25 20:34:50,393: INFO: common: yaml file: params.yaml loaded successfully]
[2023-12-25 20:34:50,393: INFO: common: created directory at: artifacts]
[2023-12-25 20:34:50,393: INFO: common: created directory at: artifacts\training]
[2023-12-25 20:37:12,529: INFO: main: >>>>>> stage Training completed <<<<<<

x==========x]
[2023-12-25 20:37:12,530: INFO: main: *******************]
[2023-12-25 20:37:12,530: INFO: main: >>>>>> stage Evaluation stage started <<<<<<]
[2023-12-25 20:37:12,537: INFO: common: yaml file: config\config.yaml loaded successfully]
[2023-12-25 20:37:12,541: INFO: common: yaml file: params.yaml loaded successfully]
[2023-12-25 20:37:12,541: INFO: common: created directory at: artifacts]
[2023-12-25 20:37:55,105: INFO: common: json file saved at: scores.json]
[2023-12-25 20:37:55,106: INFO: common: json file saved at: scores.json]
[2023-12-25 20:37:58,762: WARNING: save: Found untraced functions such as _jit_compiled_convolution_op, _jit_compiled_convolution_op, _jit_compiled_convolution_op, _jit_compiled_convolution_op, _jit_compiled_convolution_op while saving (showing 5 of 14). These functions will not be directly callable after loading.]
[2023-12-25 20:37:59,913: INFO: builder_impl: Assets written to: C:\Users\Anirudh\AppData\Local\Temp\tmpqf2nlpl4\model\data\model\assets]
[2023-12-25 20:38:16,756: INFO: dir_util: creating C:\Users\Anirudh\Desktop\kidney disease\ML-project\mlruns\0\ef179cd8a0b4480593009f03fea4c240\artifacts\model\data]
[2023-12-25 20:38:16,758: INFO: dir_util: creating C:\Users\Anirudh\Desktop\kidney disease\ML-project\mlruns\0\ef179cd8a0b4480593009f03fea4c240\artifacts\model\data\model]
[2023-12-25 20:38:16,759: INFO: dir_util: creating C:\Users\Anirudh\Desktop\kidney disease\ML-project\mlruns\0\ef179cd8a0b4480593009f03fea4c240\artifacts\model\data\model\assets]
[2023-12-25 20:38:16,766: INFO: dir_util: creating C:\Users\Anirudh\Desktop\kidney disease\ML-project\mlruns\0\ef179cd8a0b4480593009f03fea4c240\artifacts\model\data\model\variables]
[2023-12-25 20:38:16,954: INFO: main: >>>>>> stage Evaluation stage completed <<<<<<

x==========x]
[2023-12-25 20:42:54,519: INFO: common: yaml file: config\config.yaml loaded successfully]
[2023-12-25 20:42:54,525: INFO: common: yaml file: params.yaml loaded successfully]
[2023-12-25 20:42:54,527: INFO: common: created directory at: artifacts]
[2023-12-25 20:43:49,859: INFO: common: json file saved at: scores.json]
[2023-12-25 20:43:56,291: WARNING: save: Found untraced functions such as _jit_compiled_convolution_op, _jit_compiled_convolution_op, _jit_compiled_convolution_op, _jit_compiled_convolution_op, _jit_compiled_convolution_op while saving (showing 5 of 14). These functions will not be directly callable after loading.]
[2023-12-25 20:43:57,494: INFO: builder_impl: Assets written to: C:\Users\Anirudh\AppData\Local\Temp\tmp7lwhfd5z\model\data\model\assets]
[2023-12-25 20:59:48,119: INFO: main: >>>>>> stage Data Ingestion stage started <<<<<<]
[2023-12-25 20:59:48,123: INFO: common: yaml file: config\config.yaml loaded successfully]
[2023-12-25 20:59:48,126: INFO: common: yaml file: params.yaml loaded successfully]
[2023-12-25 20:59:48,128: INFO: common: created directory at: artifacts]
[2023-12-25 20:59:48,128: INFO: common: created directory at: artifacts/data_ingestion]
[2023-12-25 20:59:48,130: INFO: data_ingestion: Downloading data from https://drive.google.com/file/d/1LZ4NoTTnbehh8Oee9mAyRJKGufsaHi1C/view?usp=sharing into file artifacts/data_ingestion/data.zip]
[2023-12-25 21:00:26,157: INFO: data_ingestion: Downloaded data from https://drive.google.com/file/d/1LZ4NoTTnbehh8Oee9mAyRJKGufsaHi1C/view?usp=sharing into file artifacts/data_ingestion/data.zip]
[2023-12-25 21:00:27,503: INFO: main: >>>>>> stage Data Ingestion stage completed <<<<<<

x==========x]
[2023-12-25 21:00:27,503: INFO: main: *******************]
[2023-12-25 21:00:27,503: INFO: main: >>>>>> stage Prepare base model started <<<<<<]
[2023-12-25 21:00:27,508: INFO: common: yaml file: config\config.yaml loaded successfully]
[2023-12-25 21:00:27,511: INFO: common: yaml file: params.yaml loaded successfully]
[2023-12-25 21:00:27,511: INFO: common: created directory at: artifacts]
[2023-12-25 21:00:27,512: INFO: common: created directory at: artifacts/prepare_base_model]
[2023-12-25 21:00:28,858: WARNING: saving_utils: Compiled the loaded model, but the compiled metrics have yet to be built. `model.compile_metrics` will be empty until you train or evaluate the model.]
[2023-12-25 21:00:29,261: INFO: main: >>>>>> stage Prepare base model completed <<<<<<

x==========x]
[2023-12-25 21:00:29,261: INFO: main: *******************]
[2023-12-25 21:00:29,261: INFO: main: >>>>>> stage Training started <<<<<<]
[2023-12-25 21:00:29,264: INFO: common: yaml file: config\config.yaml loaded successfully]
[2023-12-25 21:00:29,267: INFO: common: yaml file: params.yaml loaded successfully]
[2023-12-25 21:00:29,267: INFO: common: created directory at: artifacts]
[2023-12-25 21:00:29,268: INFO: common: created directory at: artifacts\training]
[2023-12-25 21:02:45,146: INFO: main: >>>>>> stage Training completed <<<<<<

x==========x]
[2023-12-25 21:02:45,147: INFO: main: *******************]
[2023-12-25 21:02:45,148: INFO: main: >>>>>> stage Evaluation stage started <<<<<<]
[2023-12-25 21:02:45,155: INFO: common: yaml file: config\config.yaml loaded successfully]
[2023-12-25 21:02:45,171: INFO: common: yaml file: params.yaml loaded successfully]
[2023-12-25 21:02:45,174: INFO: common: created directory at: artifacts]
[2023-12-25 21:03:27,069: INFO: common: json file saved at: scores.json]
[2023-12-25 21:03:27,070: INFO: common: json file saved at: scores.json]
[2023-12-25 21:03:32,413: WARNING: save: Found untraced functions such as _jit_compiled_convolution_op, _jit_compiled_convolution_op, _jit_compiled_convolution_op, _jit_compiled_convolution_op, _jit_compiled_convolution_op while saving (showing 5 of 14). These functions will not be directly callable after loading.]
[2023-12-25 21:03:34,477: INFO: builder_impl: Assets written to: C:\Users\Anirudh\AppData\Local\Temp\tmp1ak58n6f\model\data\model\assets]
[2023-12-25 21:04:30,922: INFO: main: >>>>>> stage Evaluation stage completed <<<<<<

x==========x]
[2023-12-25 21:30:08,989: INFO: main: >>>>>> stage Data Ingestion stage started <<<<<<]
[2023-12-25 21:30:08,996: INFO: common: yaml file: config\config.yaml loaded successfully]
[2023-12-25 21:30:09,010: INFO: common: yaml file: params.yaml loaded successfully]
[2023-12-25 21:30:09,011: INFO: common: created directory at: artifacts]
[2023-12-25 21:30:09,011: INFO: common: created directory at: artifacts/data_ingestion]
[2023-12-25 21:30:09,012: INFO: data_ingestion: Downloading data from https://drive.google.com/file/d/1LZ4NoTTnbehh8Oee9mAyRJKGufsaHi1C/view?usp=sharing into file artifacts/data_ingestion/data.zip]
[2023-12-25 21:30:23,546: INFO: data_ingestion: Downloaded data from https://drive.google.com/file/d/1LZ4NoTTnbehh8Oee9mAyRJKGufsaHi1C/view?usp=sharing into file artifacts/data_ingestion/data.zip]
[2023-12-25 21:30:24,488: INFO: main: >>>>>> stage Data Ingestion stage completed <<<<<<

x==========x]
[2023-12-25 21:30:24,488: INFO: main: *******************]
[2023-12-25 21:30:24,488: INFO: main: >>>>>> stage Prepare base model started <<<<<<]
[2023-12-25 21:30:24,498: INFO: common: yaml file: config\config.yaml loaded successfully]
[2023-12-25 21:30:24,498: INFO: common: yaml file: params.yaml loaded successfully]
[2023-12-25 21:30:24,502: INFO: common: created directory at: artifacts]
[2023-12-25 21:30:24,502: INFO: common: created directory at: artifacts/prepare_base_model]
[2023-12-25 21:30:25,558: WARNING: saving_utils: Compiled the loaded model, but the compiled metrics have yet to be built. `model.compile_metrics` will be empty until you train or evaluate the model.]
[2023-12-25 21:30:25,934: INFO: main: >>>>>> stage Prepare base model completed <<<<<<

x==========x]
[2023-12-25 21:30:25,934: INFO: main: *******************]
[2023-12-25 21:30:25,934: INFO: main: >>>>>> stage Training started <<<<<<]
[2023-12-25 21:30:25,938: INFO: common: yaml file: config\config.yaml loaded successfully]
[2023-12-25 21:30:25,940: INFO: common: yaml file: params.yaml loaded successfully]
[2023-12-25 21:30:25,940: INFO: common: created directory at: artifacts]
[2023-12-25 21:30:25,940: INFO: common: created directory at: artifacts\training]
[2023-12-25 21:33:59,059: INFO: main: >>>>>> stage Training completed <<<<<<

x==========x]
[2023-12-25 21:33:59,060: INFO: main: *******************]
[2023-12-25 21:33:59,060: INFO: main: >>>>>> stage Evaluation stage started <<<<<<]
[2023-12-25 21:33:59,068: INFO: common: yaml file: config\config.yaml loaded successfully]
[2023-12-25 21:33:59,073: INFO: common: yaml file: params.yaml loaded successfully]
[2023-12-25 21:33:59,075: INFO: common: created directory at: artifacts]
[2023-12-25 21:34:34,129: INFO: common: json file saved at: scores.json]
[2023-12-25 21:34:34,129: INFO: common: json file saved at: scores.json]
[2023-12-25 21:34:38,000: WARNING: save: Found untraced functions such as _jit_compiled_convolution_op, _jit_compiled_convolution_op, _jit_compiled_convolution_op, _jit_compiled_convolution_op, _jit_compiled_convolution_op while saving (showing 5 of 14). These functions will not be directly callable after loading.]
[2023-12-25 21:34:38,662: INFO: builder_impl: Assets written to: C:\Users\Anirudh\AppData\Local\Temp\tmp5g05b4ab\model\data\model\assets]
[2023-12-25 21:35:27,938: INFO: main: >>>>>> stage Evaluation stage completed <<<<<<

x==========x]
[2023-12-25 21:37:10,406: INFO: main: >>>>>> stage Data Ingestion stage started <<<<<<]
[2023-12-25 21:37:10,417: INFO: common: yaml file: config\config.yaml loaded successfully]
[2023-12-25 21:37:10,426: INFO: common: yaml file: params.yaml loaded successfully]
[2023-12-25 21:37:10,426: INFO: common: created directory at: artifacts]
[2023-12-25 21:37:10,426: INFO: common: created directory at: artifacts/data_ingestion]
[2023-12-25 21:37:10,426: INFO: data_ingestion: Downloading data from https://drive.google.com/file/d/1LZ4NoTTnbehh8Oee9mAyRJKGufsaHi1C/view?usp=sharing into file artifacts/data_ingestion/data.zip]
[2023-12-25 21:39:26,827: INFO: data_ingestion: Downloaded data from https://drive.google.com/file/d/1LZ4NoTTnbehh8Oee9mAyRJKGufsaHi1C/view?usp=sharing into file artifacts/data_ingestion/data.zip]
[2023-12-25 21:39:27,379: INFO: main: >>>>>> stage Data Ingestion stage completed <<<<<<

x==========x]
[2023-12-25 21:39:27,381: INFO: main: *******************]
[2023-12-25 21:39:27,383: INFO: main: >>>>>> stage Prepare base model started <<<<<<]
[2023-12-25 21:39:27,386: INFO: common: yaml file: config\config.yaml loaded successfully]
[2023-12-25 21:39:27,388: INFO: common: yaml file: params.yaml loaded successfully]
[2023-12-25 21:39:27,389: INFO: common: created directory at: artifacts]
[2023-12-25 21:39:27,389: INFO: common: created directory at: artifacts/prepare_base_model]
[2023-12-25 21:39:27,908: WARNING: saving_utils: Compiled the loaded model, but the compiled metrics have yet to be built. `model.compile_metrics` will be empty until you train or evaluate the model.]
[2023-12-25 21:39:28,206: INFO: main: >>>>>> stage Prepare base model completed <<<<<<

x==========x]
[2023-12-25 21:39:28,207: INFO: main: *******************]
[2023-12-25 21:39:28,207: INFO: main: >>>>>> stage Training started <<<<<<]
[2023-12-25 21:39:28,210: INFO: common: yaml file: config\config.yaml loaded successfully]
[2023-12-25 21:39:28,213: INFO: common: yaml file: params.yaml loaded successfully]
[2023-12-25 21:39:28,213: INFO: common: created directory at: artifacts]
[2023-12-25 21:39:28,214: INFO: common: created directory at: artifacts\training]
[2023-12-25 21:43:57,722: INFO: main: >>>>>> stage Training completed <<<<<<

x==========x]
[2023-12-25 21:43:57,722: INFO: main: *******************]
[2023-12-25 21:43:57,722: INFO: main: >>>>>> stage Evaluation stage started <<<<<<]
[2023-12-25 21:43:57,725: INFO: common: yaml file: config\config.yaml loaded successfully]
[2023-12-25 21:43:57,727: INFO: common: yaml file: params.yaml loaded successfully]
[2023-12-25 21:43:57,727: INFO: common: created directory at: artifacts]
[2023-12-25 21:44:26,365: INFO: common: json file saved at: scores.json]
[2023-12-25 21:44:26,366: INFO: common: json file saved at: scores.json]
[2023-12-25 21:44:29,710: WARNING: save: Found untraced functions such as _jit_compiled_convolution_op, _jit_compiled_convolution_op, _jit_compiled_convolution_op, _jit_compiled_convolution_op, _jit_compiled_convolution_op while saving (showing 5 of 14). These functions will not be directly callable after loading.]
[2023-12-25 21:44:30,339: INFO: builder_impl: Assets written to: C:\Users\Anirudh\AppData\Local\Temp\tmp93zfgwng\model\data\model\assets]
[2023-12-25 21:45:38,714: INFO: main: >>>>>> stage Evaluation stage completed <<<<<<

x==========x]
[2023-12-26 09:01:11,224: INFO: stage_01_data_ingestion: >>>>>> stage Data Ingestion stage started <<<<<<]
[2023-12-26 09:01:11,228: INFO: common: yaml file: config\config.yaml loaded successfully]
[2023-12-26 09:01:11,237: INFO: common: yaml file: params.yaml loaded successfully]
[2023-12-26 09:01:11,240: INFO: common: created directory at: artifacts]
[2023-12-26 09:01:11,240: INFO: common: created directory at: artifacts/data_ingestion]
[2023-12-26 09:01:11,240: INFO: data_ingestion: Downloading data from https://drive.google.com/file/d/1LZ4NoTTnbehh8Oee9mAyRJKGufsaHi1C/view?usp=sharing into file artifacts/data_ingestion/data.zip]
[2023-12-26 09:01:26,213: INFO: data_ingestion: Downloaded data from https://drive.google.com/file/d/1LZ4NoTTnbehh8Oee9mAyRJKGufsaHi1C/view?usp=sharing into file artifacts/data_ingestion/data.zip]
[2023-12-26 09:01:27,318: INFO: stage_01_data_ingestion: >>>>>> stage Data Ingestion stage completed <<<<<<

x==========x]
[2023-12-27 10:01:20,388: INFO: stage_01_data_ingestion: >>>>>> stage Data Ingestion stage started <<<<<<]
[2023-12-27 10:01:20,439: INFO: common: yaml file: config\config.yaml loaded successfully]
[2023-12-27 10:01:20,520: INFO: common: yaml file: params.yaml loaded successfully]
[2023-12-27 10:01:20,520: INFO: common: created directory at: artifacts]
[2023-12-27 10:01:20,528: INFO: common: created directory at: artifacts/data_ingestion]
[2023-12-27 10:01:20,529: INFO: data_ingestion: Downloading data from https://drive.google.com/file/d/1LZ4NoTTnbehh8Oee9mAyRJKGufsaHi1C/view?usp=sharing into file artifacts/data_ingestion/data.zip]
[2023-12-27 10:02:01,595: INFO: data_ingestion: Downloaded data from https://drive.google.com/file/d/1LZ4NoTTnbehh8Oee9mAyRJKGufsaHi1C/view?usp=sharing into file artifacts/data_ingestion/data.zip]
[2023-12-27 10:02:02,509: INFO: stage_01_data_ingestion: >>>>>> stage Data Ingestion stage completed <<<<<<

x==========x]
[2023-12-27 10:20:08,513: INFO: stage_01_data_ingestion: >>>>>> stage Data Ingestion stage started <<<<<<]
[2023-12-27 10:20:08,513: INFO: common: yaml file: config\config.yaml loaded successfully]
[2023-12-27 10:20:08,521: INFO: common: yaml file: params.yaml loaded successfully]
[2023-12-27 10:20:08,521: INFO: common: created directory at: artifacts]
[2023-12-27 10:20:08,524: INFO: common: created directory at: artifacts/data_ingestion]
[2023-12-27 10:20:08,524: INFO: data_ingestion: Downloading data from https://drive.google.com/file/d/1LZ4NoTTnbehh8Oee9mAyRJKGufsaHi1C/view?usp=sharing into file artifacts/data_ingestion/data.zip]
[2023-12-27 10:20:19,550: INFO: data_ingestion: Downloaded data from https://drive.google.com/file/d/1LZ4NoTTnbehh8Oee9mAyRJKGufsaHi1C/view?usp=sharing into file artifacts/data_ingestion/data.zip]
[2023-12-27 10:20:20,560: INFO: stage_01_data_ingestion: >>>>>> stage Data Ingestion stage completed <<<<<<

x==========x]
[2023-12-27 10:20:45,260: INFO: stage_02_prepare_base_model: *******************]
[2023-12-27 10:20:45,260: INFO: stage_02_prepare_base_model: >>>>>> stage Prepare base model started <<<<<<]
[2023-12-27 10:20:45,264: INFO: common: yaml file: config\config.yaml loaded successfully]
[2023-12-27 10:20:45,272: INFO: common: yaml file: params.yaml loaded successfully]
[2023-12-27 10:20:45,272: INFO: common: created directory at: artifacts]
[2023-12-27 10:20:45,272: INFO: common: created directory at: artifacts/prepare_base_model]
[2023-12-27 10:20:46,820: WARNING: saving_utils: Compiled the loaded model, but the compiled metrics have yet to be built. `model.compile_metrics` will be empty until you train or evaluate the model.]
[2023-12-27 10:20:47,401: INFO: stage_02_prepare_base_model: >>>>>> stage Prepare base model completed <<<<<<

x==========x]
[2023-12-27 10:20:56,155: INFO: stage_03_model_training: *******************]
[2023-12-27 10:20:56,155: INFO: stage_03_model_training: >>>>>> stage Training started <<<<<<]
[2023-12-27 10:20:56,163: INFO: common: yaml file: config\config.yaml loaded successfully]
[2023-12-27 10:20:56,163: INFO: common: yaml file: params.yaml loaded successfully]
[2023-12-27 10:20:56,163: INFO: common: created directory at: artifacts]
[2023-12-27 10:20:56,163: INFO: common: created directory at: artifacts\training]
[2023-12-27 10:27:06,549: INFO: stage_03_model_training: >>>>>> stage Training completed <<<<<<

x==========x]
[2023-12-27 10:27:19,196: INFO: stage_04_model_evaluation: *******************]
[2023-12-27 10:27:19,196: INFO: stage_04_model_evaluation: >>>>>> stage Evaluation stage started <<<<<<]
[2023-12-27 10:27:19,202: INFO: common: yaml file: config\config.yaml loaded successfully]
[2023-12-27 10:27:19,205: INFO: common: yaml file: params.yaml loaded successfully]
[2023-12-27 10:27:19,205: INFO: common: created directory at: artifacts]
[2023-12-27 10:27:54,257: INFO: common: json file saved at: scores.json]
[2023-12-27 10:27:54,258: INFO: common: json file saved at: scores.json]
[2023-12-27 10:27:54,258: INFO: stage_04_model_evaluation: >>>>>> stage Evaluation stage completed <<<<<<

x==========x]
